2025-10-22 05:50:40 [ERROR] File not found: /var/log/app.log
2025-05-03 17:25:09 [ERROR] Connection to database failed.
2025-04-19 19:42:10 [DEBUG] Cache miss for key user_42.
2025-04-25 18:38:52 [INFO] Server started successfully.
2025-09-06 02:54:21 [INFO] Configuration loaded.
2025-02-10 08:38:37 [DEBUG] Request headers parsed.
2025-08-16 04:57:30 [FAILURE] Scheduled backup did not complete.
2025-12-17 16:13:57 [ERROR] Connection to database failed.
2025-10-21 12:43:01 [FAILURE] Transaction rollback due to error.
2025-01-10 14:53:32 [DEBUG] Request headers parsed.
2025-04-11 02:48:06 [WARNING] Deprecated API in use.
2025-07-22 22:56:51 [FAILURE] System shutdown unexpectedly.
2025-10-03 18:27:34 [FAILURE] System shutdown unexpectedly.
2025-02-20 20:30:03 [FAILURE] System shutdown unexpectedly.
2025-11-27 18:39:54 [WARNING] Disk space low: 5% remaining.
2025-01-09 04:19:22 [INFO] Configuration loaded.
2025-12-10 18:22:49 [FAILURE] Transaction rollback due to error.
2025-07-10 17:44:56 [WARNING] High memory usage detected.
2025-10-28 12:25:21 [ERROR] Connection to database failed.
2025-05-26 22:01:40 [FAILURE] Email sending failed.
2025-12-16 07:21:10 [ERROR] Unable to reach authentication server.
2025-03-27 19:01:10 [ERROR] Connection to database failed.
2025-08-13 23:45:26 [FAILURE] Scheduled backup did not complete.
2025-03-20 02:21:08 [INFO] Scheduled job executed.
2025-03-06 00:24:59 [ERROR] File not found: /var/log/app.log
2025-11-21 10:15:54 [DEBUG] Request headers parsed.
2025-12-18 23:21:36 [DEBUG] Request headers parsed.
2025-01-09 00:54:21 [DEBUG] Cache miss for key user_42.
2025-05-04 11:00:21 [ERROR] File not found: /var/log/app.log
2025-03-11 10:01:25 [ERROR] File not found: /var/log/app.log
2025-09-15 13:22:30 [ERROR] Permission denied for resource.
2025-12-26 15:41:40 [ERROR] Permission denied for resource.
2025-09-26 04:57:58 [WARNING] Deprecated API in use.
2025-08-22 20:12:27 [ERROR] Permission denied for resource.
2025-06-25 11:26:57 [ERROR] File not found: /var/log/app.log
2025-05-05 01:50:32 [WARNING] Deprecated API in use.
2025-10-17 22:12:15 [WARNING] Deprecated API in use.
2025-02-15 08:28:26 [WARNING] Deprecated API in use.
2025-06-23 09:26:05 [FAILURE] Scheduled backup did not complete.
2025-07-10 05:10:12 [WARNING] Deprecated API in use.
2025-04-22 19:01:21 [DEBUG] Cache miss for key user_42.
2025-04-20 19:56:04 [WARNING] High memory usage detected.
2025-06-08 11:50:07 [WARNING] Disk space low: 5% remaining.
2025-02-11 07:38:57 [FAILURE] System shutdown unexpectedly.
2025-03-25 16:36:05 [ERROR] Connection to database failed.
2025-02-27 12:21:06 [INFO] User logged in.
2025-09-09 19:33:21 [WARNING] CPU temperature above normal.
2025-06-01 20:53:57 [WARNING] Deprecated API in use.
2025-02-25 01:11:14 [ERROR] Connection to database failed.
2025-06-08 07:23:27 [WARNING] Disk space low: 5% remaining.
2025-06-25 00:02:40 [WARNING] CPU temperature above normal.
2025-01-23 02:45:38 [ERROR] Connection to database failed.
2025-03-04 15:53:26 [FAILURE] Transaction rollback due to error.
2025-05-03 20:12:33 [INFO] Server started successfully.
2025-12-26 03:12:44 [DEBUG] Cache miss for key user_42.
2025-04-27 14:49:25 [ERROR] File not found: /var/log/app.log
2025-11-21 02:16:15 [WARNING] CPU temperature above normal.
2025-06-13 05:43:59 [FAILURE] Email sending failed.
2025-04-15 18:29:45 [DEBUG] Request headers parsed.
2025-04-23 15:07:36 [DEBUG] Cache miss for key user_42.
2025-06-27 01:43:34 [ERROR] Permission denied for resource.
2025-03-17 18:33:16 [ERROR] Permission denied for resource.
2025-08-21 03:00:28 [DEBUG] Query execution time: 123ms.
2025-02-13 03:39:51 [WARNING] Disk space low: 5% remaining.
2025-12-10 02:21:16 [FAILURE] Transaction rollback due to error.
2025-09-06 18:38:28 [ERROR] Connection to database failed.
2025-05-17 21:12:34 [FAILURE] System shutdown unexpectedly.
2025-02-18 07:55:30 [FAILURE] Scheduled backup did not complete.
2025-04-28 10:05:29 [INFO] Server started successfully.
2025-08-06 16:55:02 [INFO] User logged in.
2025-10-27 12:25:27 [ERROR] Permission denied for resource.
2025-06-17 08:25:14 [INFO] Scheduled job executed.
2025-12-25 17:39:58 [DEBUG] Cache miss for key user_42.
2025-12-21 09:30:03 [INFO] Server started successfully.
2025-07-21 22:13:26 [DEBUG] Query execution time: 123ms.
2025-07-06 03:36:24 [ERROR] Permission denied for resource.
2025-11-20 00:09:20 [DEBUG] Request headers parsed.
2025-04-22 17:27:51 [FAILURE] Transaction rollback due to error.
2025-12-23 00:02:49 [ERROR] Permission denied for resource.
2025-02-13 09:04:41 [ERROR] Unable to reach authentication server.
2025-08-06 03:33:14 [INFO] Server started successfully.
2025-12-27 20:14:04 [INFO] Server started successfully.
2025-06-15 20:07:44 [INFO] User logged in.
2025-08-17 03:00:59 [WARNING] CPU temperature above normal.
2025-01-15 11:14:45 [ERROR] Unable to reach authentication server.
2025-07-05 06:29:00 [WARNING] Deprecated API in use.
2025-01-25 06:01:06 [INFO] Server started successfully.
2025-03-19 20:08:51 [INFO] Server started successfully.
2025-05-16 05:41:09 [DEBUG] Cache miss for key user_42.
2025-06-23 05:31:14 [DEBUG] Query execution time: 123ms.
2025-09-06 02:43:51 [INFO] Scheduled job executed.
2025-08-23 05:08:22 [INFO] Server started successfully.
2025-11-03 17:41:13 [INFO] Configuration loaded.
2025-04-09 01:46:08 [INFO] Server started successfully.
2025-03-06 11:58:54 [FAILURE] System shutdown unexpectedly.
2025-04-27 17:02:33 [FAILURE] Scheduled backup did not complete.
2025-10-21 00:28:49 [INFO] User logged in.
2025-03-16 00:08:47 [WARNING] Disk space low: 5% remaining.
2025-02-09 02:10:26 [WARNING] High memory usage detected.
2025-10-28 09:56:07 [INFO] Server started successfully.
2025-01-17 07:51:28 [DEBUG] Query execution time: 123ms.
2025-05-03 15:52:55 [INFO] Scheduled job executed.
2025-12-11 06:06:49 [FAILURE] Transaction rollback due to error.
2025-11-08 23:10:57 [INFO] User logged in.
2025-04-22 18:05:43 [INFO] Server started successfully.
2025-10-17 17:59:12 [DEBUG] Cache miss for key user_42.
2025-08-07 11:40:02 [WARNING] CPU temperature above normal.
2025-03-14 13:27:50 [WARNING] Disk space low: 5% remaining.
2025-06-07 00:53:26 [FAILURE] Scheduled backup did not complete.
2025-08-28 13:26:09 [DEBUG] Debugging mode enabled.
2025-04-05 21:58:16 [INFO] User logged in.
2025-08-02 22:09:31 [FAILURE] System shutdown unexpectedly.
2025-11-19 06:42:58 [INFO] User logged in.
2025-09-05 22:49:20 [FAILURE] System shutdown unexpectedly.
2025-08-14 06:14:29 [DEBUG] Debugging mode enabled.
2025-04-09 10:53:04 [ERROR] File not found: /var/log/app.log
2025-09-08 06:51:19 [ERROR] Unable to reach authentication server.
2025-11-01 06:53:26 [INFO] Configuration loaded.
2025-11-26 20:59:07 [WARNING] Deprecated API in use.
2025-02-07 15:33:24 [ERROR] Permission denied for resource.
2025-12-02 22:21:27 [DEBUG] Request headers parsed.
2025-12-07 02:43:55 [ERROR] Permission denied for resource.
2025-10-16 00:12:45 [WARNING] Deprecated API in use.
2025-04-22 12:12:11 [WARNING] Deprecated API in use.
2025-09-21 21:49:20 [FAILURE] Transaction rollback due to error.
2025-10-18 00:03:00 [DEBUG] Query execution time: 123ms.
2025-02-28 17:28:11 [WARNING] Deprecated API in use.
2025-03-15 13:55:34 [ERROR] Connection to database failed.
2025-02-28 10:56:36 [ERROR] Unable to reach authentication server.
2025-05-27 01:38:09 [FAILURE] Transaction rollback due to error.
2025-12-25 08:05:31 [WARNING] High memory usage detected.
2025-11-12 07:10:44 [WARNING] CPU temperature above normal.
2025-02-26 08:16:19 [ERROR] Permission denied for resource.
2025-10-16 05:18:08 [INFO] Scheduled job executed.
2025-11-02 09:29:13 [WARNING] High memory usage detected.
2025-07-10 14:10:36 [INFO] Server started successfully.
2025-11-10 15:20:35 [INFO] Server started successfully.
2025-12-28 10:50:14 [INFO] Configuration loaded.
2025-05-27 11:41:05 [WARNING] CPU temperature above normal.
2025-05-28 13:47:26 [INFO] Server started successfully.
2025-01-26 14:44:50 [FAILURE] Scheduled backup did not complete.
2025-10-06 14:05:45 [ERROR] Unable to reach authentication server.
2025-03-07 00:42:23 [DEBUG] Cache miss for key user_42.
2025-09-12 05:34:44 [INFO] Scheduled job executed.
2025-12-06 20:17:22 [INFO] Server started successfully.
2025-08-03 14:32:19 [DEBUG] Request headers parsed.
2025-09-27 14:35:41 [FAILURE] Scheduled backup did not complete.
2025-06-12 06:03:19 [DEBUG] Debugging mode enabled.
2025-03-17 23:57:48 [ERROR] Connection to database failed.
2025-02-11 10:17:37 [INFO] User logged in.
2025-02-09 05:21:30 [FAILURE] Scheduled backup did not complete.
2025-01-01 06:19:22 [DEBUG] Cache miss for key user_42.
2025-06-22 03:45:15 [WARNING] Deprecated API in use.
2025-01-27 02:59:12 [INFO] Scheduled job executed.
2025-01-10 12:29:57 [INFO] User logged in.
2025-12-05 14:47:04 [ERROR] Unable to reach authentication server.
2025-07-14 16:17:34 [ERROR] Connection to database failed.
2025-06-15 08:45:41 [FAILURE] Scheduled backup did not complete.
2025-07-27 11:16:19 [DEBUG] Request headers parsed.
2025-05-16 06:24:51 [DEBUG] Debugging mode enabled.
2025-12-08 19:25:04 [ERROR] File not found: /var/log/app.log
2025-04-27 22:41:21 [DEBUG] Debugging mode enabled.
2025-07-16 09:29:18 [WARNING] Disk space low: 5% remaining.
2025-01-01 23:29:46 [ERROR] File not found: /var/log/app.log
2025-08-27 08:48:13 [ERROR] Unable to reach authentication server.
2025-01-19 20:47:45 [WARNING] High memory usage detected.
2025-06-02 12:55:29 [FAILURE] System shutdown unexpectedly.
2025-12-18 18:16:29 [INFO] Scheduled job executed.
2025-04-28 04:10:58 [ERROR] Connection to database failed.
2025-06-13 18:12:12 [DEBUG] Cache miss for key user_42.
2025-12-06 01:19:42 [ERROR] File not found: /var/log/app.log
2025-12-24 00:37:39 [ERROR] Unable to reach authentication server.
2025-05-07 16:50:11 [DEBUG] Request headers parsed.
2025-05-24 04:46:12 [INFO] Configuration loaded.
2025-04-14 05:32:46 [DEBUG] Debugging mode enabled.
2025-05-01 03:38:03 [DEBUG] Cache miss for key user_42.
2025-03-23 01:42:58 [DEBUG] Debugging mode enabled.
2025-12-23 01:40:21 [ERROR] File not found: /var/log/app.log
2025-08-06 11:29:29 [INFO] Server started successfully.
2025-12-26 03:29:36 [DEBUG] Request headers parsed.
2025-06-27 04:24:04 [DEBUG] Cache miss for key user_42.
2025-11-08 12:23:25 [FAILURE] Email sending failed.
2025-12-26 11:27:38 [FAILURE] System shutdown unexpectedly.
2025-08-17 04:23:46 [INFO] Configuration loaded.
2025-01-12 07:59:30 [FAILURE] Email sending failed.
2025-07-28 00:06:14 [DEBUG] Cache miss for key user_42.
2025-01-07 00:08:59 [WARNING] CPU temperature above normal.
2025-03-03 18:24:28 [FAILURE] Scheduled backup did not complete.
2025-07-27 12:37:38 [WARNING] Deprecated API in use.
2025-07-12 01:54:31 [WARNING] CPU temperature above normal.
2025-07-24 06:37:29 [ERROR] Unable to reach authentication server.
2025-09-17 19:39:34 [ERROR] Unable to reach authentication server.
2025-10-22 15:20:22 [DEBUG] Query execution time: 123ms.
2025-03-26 23:44:57 [ERROR] Permission denied for resource.
2025-01-21 22:44:52 [WARNING] High memory usage detected.
2025-08-08 01:43:12 [WARNING] CPU temperature above normal.
2025-09-10 15:14:20 [INFO] Configuration loaded.
2025-04-06 07:53:27 [ERROR] Connection to database failed.
2025-09-05 06:54:17 [FAILURE] System shutdown unexpectedly.
2025-02-20 14:04:07 [ERROR] Unable to reach authentication server.
2025-03-07 10:51:03 [DEBUG] Query execution time: 123ms.
2025-09-26 11:49:06 [ERROR] Permission denied for resource.
2025-01-01 10:12:07 [ERROR] File not found: /var/log/app.log
2025-04-16 03:30:55 [WARNING] Deprecated API in use.
2025-09-02 23:01:30 [ERROR] Unable to reach authentication server.
2025-07-11 08:05:50 [FAILURE] Transaction rollback due to error.
2025-04-22 23:01:47 [WARNING] Deprecated API in use.
2025-08-18 15:47:24 [INFO] User logged in.
2025-06-07 12:52:27 [ERROR] File not found: /var/log/app.log
2025-11-01 13:42:33 [ERROR] File not found: /var/log/app.log
2025-08-22 12:37:39 [INFO] User logged in.
2025-12-14 15:39:56 [DEBUG] Cache miss for key user_42.
2025-08-25 22:36:49 [WARNING] Disk space low: 5% remaining.
2025-08-02 17:12:07 [INFO] User logged in.
2025-05-22 01:22:10 [WARNING] Disk space low: 5% remaining.
2025-08-19 00:48:16 [WARNING] High memory usage detected.
2025-01-05 18:07:34 [WARNING] Disk space low: 5% remaining.
2025-05-26 04:08:54 [DEBUG] Query execution time: 123ms.
2025-12-15 18:04:36 [INFO] User logged in.
2025-08-06 05:24:22 [ERROR] Unable to reach authentication server.
2025-02-05 18:05:47 [ERROR] Unable to reach authentication server.
2025-12-01 00:12:00 [ERROR] Connection to database failed.
2025-09-24 00:58:52 [ERROR] Connection to database failed.
2025-09-09 20:48:27 [WARNING] High memory usage detected.
2025-04-22 06:47:57 [ERROR] File not found: /var/log/app.log
2025-03-16 20:00:30 [INFO] Scheduled job executed.
2025-09-16 07:10:31 [ERROR] File not found: /var/log/app.log
2025-02-19 06:22:54 [ERROR] Unable to reach authentication server.
2025-04-06 04:22:59 [INFO] Server started successfully.
2025-11-21 09:20:50 [INFO] Configuration loaded.
2025-12-24 09:47:28 [FAILURE] Transaction rollback due to error.
2025-12-02 08:18:38 [FAILURE] Email sending failed.
2025-05-01 23:37:59 [ERROR] Permission denied for resource.
2025-08-02 12:34:12 [ERROR] Permission denied for resource.
2025-07-04 07:57:23 [INFO] Configuration loaded.
2025-08-07 22:39:57 [DEBUG] Debugging mode enabled.
2025-05-04 00:49:50 [DEBUG] Request headers parsed.
2025-03-17 21:54:09 [INFO] Server started successfully.
2025-04-17 02:45:48 [INFO] Configuration loaded.
2025-12-09 06:46:30 [INFO] Server started successfully.
2025-01-24 13:48:21 [ERROR] Permission denied for resource.
2025-08-10 04:08:15 [INFO] User logged in.
2025-04-25 05:57:54 [ERROR] Connection to database failed.
2025-09-21 03:54:07 [DEBUG] Cache miss for key user_42.
2025-12-20 15:27:03 [FAILURE] Transaction rollback due to error.
2025-06-21 01:46:14 [DEBUG] Query execution time: 123ms.
2025-09-11 00:15:33 [ERROR] Connection to database failed.
2025-02-27 01:48:14 [INFO] Server started successfully.
2025-05-05 08:04:58 [WARNING] CPU temperature above normal.
2025-04-12 13:13:45 [INFO] Scheduled job executed.
2025-03-07 14:39:53 [DEBUG] Cache miss for key user_42.
2025-10-13 17:24:31 [DEBUG] Cache miss for key user_42.
2025-03-17 23:35:14 [INFO] Scheduled job executed.
2025-12-10 22:47:47 [INFO] Scheduled job executed.
2025-10-18 03:38:20 [FAILURE] Scheduled backup did not complete.
2025-09-08 03:28:25 [INFO] Configuration loaded.
2025-03-23 01:12:25 [INFO] User logged in.
2025-04-05 11:41:34 [WARNING] CPU temperature above normal.
2025-01-26 10:18:19 [INFO] Scheduled job executed.
2025-06-08 14:49:52 [DEBUG] Query execution time: 123ms.
2025-03-17 23:19:17 [ERROR] Permission denied for resource.
2025-01-11 19:20:52 [INFO] Scheduled job executed.
2025-05-18 08:28:43 [ERROR] File not found: /var/log/app.log
2025-02-19 18:51:39 [ERROR] File not found: /var/log/app.log
2025-10-18 12:26:34 [WARNING] CPU temperature above normal.
2025-06-05 11:56:21 [FAILURE] Email sending failed.
2025-01-02 11:05:38 [WARNING] CPU temperature above normal.
2025-02-06 22:37:57 [ERROR] Connection to database failed.
2025-03-17 16:57:33 [ERROR] Unable to reach authentication server.
2025-11-15 16:12:10 [FAILURE] Scheduled backup did not complete.
2025-10-01 17:13:13 [WARNING] High memory usage detected.
2025-04-06 00:08:43 [ERROR] Connection to database failed.
2025-12-10 09:45:23 [WARNING] Deprecated API in use.
2025-12-10 03:33:33 [WARNING] CPU temperature above normal.
2025-07-23 17:09:51 [FAILURE] Scheduled backup did not complete.
2025-05-11 02:23:29 [FAILURE] Scheduled backup did not complete.
2025-09-25 17:09:38 [WARNING] CPU temperature above normal.
2025-03-24 02:17:35 [ERROR] File not found: /var/log/app.log
2025-10-06 05:42:43 [INFO] User logged in.
2025-08-07 01:59:15 [WARNING] Disk space low: 5% remaining.
2025-02-13 10:56:17 [WARNING] Disk space low: 5% remaining.
2025-10-10 02:18:34 [INFO] Scheduled job executed.
2025-05-08 19:16:50 [DEBUG] Cache miss for key user_42.
2025-08-10 22:27:32 [DEBUG] Cache miss for key user_42.
2025-06-19 21:51:46 [ERROR] Unable to reach authentication server.
2025-01-02 22:04:43 [ERROR] Connection to database failed.
2025-03-22 03:04:12 [FAILURE] System shutdown unexpectedly.
2025-04-18 08:40:50 [INFO] Scheduled job executed.
2025-03-28 12:12:07 [FAILURE] Scheduled backup did not complete.
2025-08-18 15:29:15 [INFO] User logged in.
2025-05-11 10:13:44 [DEBUG] Debugging mode enabled.
2025-03-25 09:11:42 [DEBUG] Debugging mode enabled.
2025-02-05 11:24:19 [FAILURE] Email sending failed.
2025-02-28 10:51:25 [WARNING] CPU temperature above normal.
2025-12-21 16:02:11 [FAILURE] Transaction rollback due to error.
2025-11-28 04:51:08 [ERROR] Connection to database failed.
2025-08-02 14:53:52 [FAILURE] Email sending failed.
2025-06-26 18:01:47 [INFO] Server started successfully.
2025-10-06 00:26:09 [FAILURE] System shutdown unexpectedly.
2025-07-09 13:18:56 [WARNING] Disk space low: 5% remaining.
2025-01-16 22:29:02 [WARNING] High memory usage detected.
2025-05-14 16:23:52 [DEBUG] Request headers parsed.
2025-11-16 09:15:58 [ERROR] File not found: /var/log/app.log
2025-08-06 06:25:29 [WARNING] High memory usage detected.
2025-05-18 16:11:17 [WARNING] CPU temperature above normal.
2025-07-27 10:26:13 [ERROR] Permission denied for resource.
2025-02-28 01:57:43 [FAILURE] Scheduled backup did not complete.
2025-01-22 06:22:18 [DEBUG] Request headers parsed.
2025-06-13 16:27:02 [ERROR] Connection to database failed.
2025-11-06 23:27:37 [FAILURE] Scheduled backup did not complete.
2025-05-07 22:28:37 [INFO] Configuration loaded.
2025-02-07 16:04:50 [DEBUG] Query execution time: 123ms.
2025-10-08 07:06:29 [ERROR] Connection to database failed.
2025-08-08 16:26:21 [FAILURE] Email sending failed.
2025-08-09 02:42:23 [WARNING] High memory usage detected.
2025-07-16 21:55:54 [INFO] User logged in.
2025-02-23 14:09:10 [ERROR] Unable to reach authentication server.
2025-07-20 22:18:35 [ERROR] Unable to reach authentication server.
2025-05-06 04:58:54 [ERROR] Permission denied for resource.
2025-08-28 21:39:41 [ERROR] Permission denied for resource.
2025-06-26 10:25:22 [DEBUG] Cache miss for key user_42.
2025-10-08 17:54:05 [FAILURE] Scheduled backup did not complete.
2025-01-10 06:23:04 [WARNING] High memory usage detected.
2025-02-08 19:04:44 [FAILURE] Transaction rollback due to error.
2025-01-14 08:43:36 [FAILURE] System shutdown unexpectedly.
2025-05-13 11:20:11 [DEBUG] Cache miss for key user_42.
2025-12-25 08:31:15 [DEBUG] Cache miss for key user_42.
2025-08-25 09:27:57 [FAILURE] Scheduled backup did not complete.
2025-09-14 11:27:19 [ERROR] Unable to reach authentication server.
2025-10-12 01:53:20 [INFO] Configuration loaded.
2025-05-28 09:48:56 [FAILURE] Email sending failed.
2025-08-22 18:04:32 [WARNING] CPU temperature above normal.
2025-06-21 21:59:25 [WARNING] Disk space low: 5% remaining.
2025-04-04 21:09:45 [DEBUG] Query execution time: 123ms.
2025-06-02 21:11:50 [FAILURE] System shutdown unexpectedly.
2025-06-11 10:20:20 [WARNING] High memory usage detected.
2025-02-18 23:33:33 [FAILURE] Transaction rollback due to error.
2025-02-23 05:05:57 [FAILURE] Scheduled backup did not complete.
2025-08-11 15:39:59 [FAILURE] Scheduled backup did not complete.
2025-12-17 12:14:13 [INFO] User logged in.
2025-07-22 06:15:39 [ERROR] Unable to reach authentication server.
2025-09-12 10:28:06 [DEBUG] Request headers parsed.
2025-05-27 06:31:18 [INFO] User logged in.
2025-01-06 17:19:37 [WARNING] Disk space low: 5% remaining.
2025-12-13 22:06:47 [WARNING] High memory usage detected.
2025-04-06 11:27:20 [DEBUG] Debugging mode enabled.
2025-02-15 04:42:47 [INFO] User logged in.
2025-04-17 02:52:13 [FAILURE] Email sending failed.
2025-02-08 01:27:47 [INFO] Scheduled job executed.
2025-10-09 09:13:10 [DEBUG] Cache miss for key user_42.
2025-06-20 10:57:37 [WARNING] CPU temperature above normal.
2025-03-01 17:05:42 [FAILURE] Scheduled backup did not complete.
2025-11-24 12:05:04 [INFO] Server started successfully.
2025-10-11 22:58:48 [INFO] Configuration loaded.
2025-12-07 01:08:05 [DEBUG] Query execution time: 123ms.
2025-04-02 19:26:46 [DEBUG] Request headers parsed.
2025-11-16 14:25:57 [INFO] User logged in.
2025-02-15 17:25:09 [FAILURE] Transaction rollback due to error.
2025-11-25 17:21:20 [ERROR] Unable to reach authentication server.
2025-04-04 14:17:40 [INFO] Scheduled job executed.
2025-03-07 19:12:50 [INFO] Configuration loaded.
2025-01-28 03:30:23 [ERROR] File not found: /var/log/app.log
2025-09-17 17:11:52 [ERROR] Unable to reach authentication server.
2025-10-15 13:17:20 [ERROR] Unable to reach authentication server.
2025-11-11 07:36:27 [WARNING] CPU temperature above normal.
2025-09-13 15:03:12 [FAILURE] Scheduled backup did not complete.
2025-02-11 07:01:30 [DEBUG] Query execution time: 123ms.
2025-04-17 15:45:57 [WARNING] Disk space low: 5% remaining.
2025-01-28 07:24:17 [DEBUG] Cache miss for key user_42.
2025-09-13 21:47:28 [INFO] Server started successfully.
2025-01-21 13:02:51 [INFO] Configuration loaded.
2025-10-09 03:19:58 [INFO] Scheduled job executed.
2025-05-02 22:28:05 [WARNING] Deprecated API in use.
2025-11-24 03:54:54 [ERROR] File not found: /var/log/app.log
2025-12-09 06:18:06 [FAILURE] Transaction rollback due to error.
2025-01-24 05:47:34 [FAILURE] Email sending failed.
2025-01-22 15:31:21 [DEBUG] Debugging mode enabled.
2025-11-11 01:30:46 [FAILURE] Scheduled backup did not complete.
2025-09-04 05:45:14 [ERROR] Permission denied for resource.
2025-03-17 10:44:08 [DEBUG] Request headers parsed.
2025-04-11 07:25:25 [FAILURE] System shutdown unexpectedly.
2025-04-26 20:20:45 [DEBUG] Query execution time: 123ms.
2025-10-05 10:33:09 [WARNING] High memory usage detected.
2025-04-01 09:25:41 [INFO] Configuration loaded.
2025-11-09 22:04:41 [DEBUG] Request headers parsed.
2025-11-12 00:11:34 [DEBUG] Cache miss for key user_42.
2025-01-19 02:40:03 [FAILURE] System shutdown unexpectedly.
2025-02-27 03:19:10 [DEBUG] Query execution time: 123ms.
2025-09-21 10:42:38 [INFO] Configuration loaded.
2025-09-06 07:22:21 [FAILURE] Scheduled backup did not complete.
2025-10-18 22:15:17 [FAILURE] System shutdown unexpectedly.
2025-03-12 11:42:37 [INFO] User logged in.
2025-05-12 08:56:23 [DEBUG] Query execution time: 123ms.
2025-02-10 07:11:43 [DEBUG] Cache miss for key user_42.
2025-06-04 04:12:13 [FAILURE] Email sending failed.
2025-09-24 11:44:58 [ERROR] Permission denied for resource.
2025-09-02 10:12:52 [INFO] User logged in.
2025-04-17 13:42:06 [FAILURE] Email sending failed.
2025-09-25 07:22:07 [INFO] User logged in.
2025-07-25 22:42:32 [ERROR] Unable to reach authentication server.
2025-06-01 05:20:34 [WARNING] Deprecated API in use.
2025-12-08 07:30:07 [DEBUG] Cache miss for key user_42.
2025-08-03 09:14:29 [FAILURE] Transaction rollback due to error.
2025-12-20 14:51:18 [WARNING] Disk space low: 5% remaining.
2025-08-16 03:59:39 [ERROR] File not found: /var/log/app.log
2025-12-08 00:13:44 [ERROR] Unable to reach authentication server.
2025-12-03 15:05:17 [ERROR] Unable to reach authentication server.
2025-03-23 03:13:42 [FAILURE] Scheduled backup did not complete.
2025-11-10 01:08:29 [FAILURE] System shutdown unexpectedly.
2025-04-21 20:15:27 [WARNING] CPU temperature above normal.
2025-08-09 01:46:34 [DEBUG] Debugging mode enabled.
2025-07-10 02:11:58 [ERROR] File not found: /var/log/app.log
2025-10-28 05:01:08 [WARNING] Deprecated API in use.
2025-12-03 21:36:12 [WARNING] Deprecated API in use.
2025-11-12 18:30:56 [WARNING] High memory usage detected.
2025-08-12 17:50:39 [DEBUG] Debugging mode enabled.
2025-04-11 15:46:38 [FAILURE] Email sending failed.
2025-01-05 16:40:04 [ERROR] Permission denied for resource.
2025-03-05 23:10:25 [FAILURE] Transaction rollback due to error.
2025-06-25 12:42:45 [FAILURE] System shutdown unexpectedly.
2025-01-13 02:07:01 [FAILURE] Scheduled backup did not complete.
2025-02-23 15:24:58 [ERROR] Permission denied for resource.
2025-12-16 23:15:19 [INFO] Server started successfully.
2025-06-13 10:22:57 [INFO] Scheduled job executed.
2025-06-08 15:57:47 [ERROR] File not found: /var/log/app.log
2025-10-03 01:05:20 [FAILURE] Email sending failed.
2025-03-06 00:17:52 [DEBUG] Request headers parsed.
2025-10-04 04:11:28 [WARNING] Disk space low: 5% remaining.
2025-07-12 07:56:53 [WARNING] CPU temperature above normal.
2025-07-18 01:14:00 [WARNING] Disk space low: 5% remaining.
2025-02-27 18:56:35 [WARNING] Disk space low: 5% remaining.
2025-03-11 22:25:43 [WARNING] Disk space low: 5% remaining.
2025-12-02 18:50:46 [WARNING] High memory usage detected.
2025-04-02 05:13:46 [ERROR] Unable to reach authentication server.
2025-08-03 03:44:54 [FAILURE] Scheduled backup did not complete.
2025-10-13 03:14:53 [DEBUG] Debugging mode enabled.
2025-06-21 18:03:15 [INFO] Configuration loaded.
2025-03-22 10:20:34 [FAILURE] System shutdown unexpectedly.
2025-11-18 16:01:18 [FAILURE] Transaction rollback due to error.
2025-08-09 14:12:04 [WARNING] High memory usage detected.
2025-10-24 20:32:32 [FAILURE] System shutdown unexpectedly.
2025-10-03 17:35:11 [INFO] Server started successfully.
2025-02-20 09:17:44 [FAILURE] Email sending failed.
2025-05-12 21:13:21 [DEBUG] Query execution time: 123ms.
2025-01-14 22:39:50 [ERROR] File not found: /var/log/app.log
2025-09-09 22:58:48 [INFO] Scheduled job executed.
2025-12-26 10:11:03 [DEBUG] Cache miss for key user_42.
2025-12-06 09:05:41 [FAILURE] Email sending failed.
2025-05-15 17:43:32 [FAILURE] System shutdown unexpectedly.
2025-01-07 16:00:59 [DEBUG] Request headers parsed.
2025-11-07 00:05:56 [FAILURE] Email sending failed.
2025-10-04 22:08:40 [FAILURE] Email sending failed.
2025-06-17 12:47:25 [DEBUG] Debugging mode enabled.
2025-03-11 08:35:35 [ERROR] Permission denied for resource.
2025-10-05 11:48:16 [ERROR] File not found: /var/log/app.log
2025-03-15 12:21:35 [INFO] Server started successfully.
2025-07-23 19:33:33 [FAILURE] Transaction rollback due to error.
2025-07-08 19:40:52 [ERROR] File not found: /var/log/app.log
2025-12-02 17:48:20 [FAILURE] Transaction rollback due to error.
2025-07-21 06:09:28 [ERROR] File not found: /var/log/app.log
2025-01-25 13:01:34 [ERROR] File not found: /var/log/app.log
2025-08-22 10:18:54 [FAILURE] Transaction rollback due to error.
2025-12-20 18:39:41 [INFO] Server started successfully.
2025-01-12 23:28:13 [ERROR] File not found: /var/log/app.log
2025-12-02 02:53:10 [WARNING] High memory usage detected.
2025-05-06 19:34:13 [INFO] User logged in.
2025-12-05 00:00:32 [INFO] Server started successfully.
2025-07-16 14:02:23 [ERROR] File not found: /var/log/app.log
2025-11-15 14:04:11 [DEBUG] Cache miss for key user_42.
2025-10-04 07:32:45 [INFO] Server started successfully.
2025-05-05 05:27:20 [WARNING] Deprecated API in use.
2025-02-27 06:29:55 [FAILURE] Email sending failed.
2025-02-08 06:48:05 [INFO] User logged in.
2025-06-11 11:57:56 [FAILURE] Scheduled backup did not complete.
2025-07-03 08:37:29 [ERROR] Permission denied for resource.
2025-07-17 11:33:43 [ERROR] File not found: /var/log/app.log
2025-08-18 18:14:08 [ERROR] Permission denied for resource.
2025-04-18 10:39:48 [ERROR] Unable to reach authentication server.
2025-01-01 19:17:17 [ERROR] Permission denied for resource.
2025-07-15 21:09:57 [INFO] Server started successfully.
2025-01-06 07:42:33 [WARNING] Disk space low: 5% remaining.
2025-12-08 13:20:14 [DEBUG] Query execution time: 123ms.
2025-03-20 22:41:47 [WARNING] CPU temperature above normal.
2025-09-16 00:06:39 [WARNING] Disk space low: 5% remaining.
2025-01-09 19:37:31 [ERROR] Unable to reach authentication server.
2025-05-08 17:05:33 [DEBUG] Cache miss for key user_42.
2025-12-15 05:14:06 [ERROR] Connection to database failed.
2025-08-08 10:37:21 [WARNING] Disk space low: 5% remaining.
2025-03-13 21:33:57 [INFO] Scheduled job executed.
2025-11-20 08:57:36 [INFO] Scheduled job executed.
2025-12-25 00:37:31 [INFO] Configuration loaded.
2025-07-25 04:04:23 [FAILURE] Email sending failed.
2025-06-16 20:59:48 [ERROR] Unable to reach authentication server.
2025-05-06 09:08:55 [FAILURE] Email sending failed.
2025-07-08 14:20:58 [DEBUG] Query execution time: 123ms.
2025-12-28 01:47:28 [WARNING] High memory usage detected.
2025-04-04 08:14:23 [WARNING] Disk space low: 5% remaining.
2025-05-24 02:58:25 [INFO] User logged in.
2025-05-09 22:24:26 [WARNING] High memory usage detected.
2025-12-06 02:55:31 [ERROR] Unable to reach authentication server.
2025-11-02 00:39:54 [WARNING] High memory usage detected.
2025-06-21 05:15:01 [ERROR] Connection to database failed.
2025-08-21 03:58:06 [WARNING] High memory usage detected.
2025-03-13 15:14:06 [FAILURE] Transaction rollback due to error.
2025-03-19 23:47:50 [FAILURE] Email sending failed.
2025-11-02 05:38:34 [ERROR] File not found: /var/log/app.log
2025-11-23 09:38:18 [INFO] Scheduled job executed.
2025-06-21 22:43:36 [DEBUG] Request headers parsed.
2025-07-14 06:22:54 [INFO] User logged in.
2025-11-21 21:13:51 [ERROR] Unable to reach authentication server.
2025-03-04 10:40:32 [FAILURE] System shutdown unexpectedly.
2025-05-22 00:02:21 [FAILURE] Email sending failed.
2025-01-22 23:24:55 [ERROR] Connection to database failed.
2025-12-21 04:04:23 [ERROR] Connection to database failed.
2025-12-17 23:03:57 [DEBUG] Query execution time: 123ms.
2025-02-08 17:04:48 [FAILURE] System shutdown unexpectedly.
2025-06-15 20:41:51 [FAILURE] Transaction rollback due to error.
2025-11-24 15:33:41 [DEBUG] Request headers parsed.
2025-07-25 05:48:22 [WARNING] Disk space low: 5% remaining.
2025-06-08 22:43:41 [ERROR] Connection to database failed.
2025-02-03 20:23:58 [WARNING] Deprecated API in use.
2025-06-15 04:09:09 [WARNING] Deprecated API in use.
2025-03-27 14:55:45 [DEBUG] Debugging mode enabled.
2025-04-01 21:02:53 [WARNING] CPU temperature above normal.
2025-07-28 11:32:59 [INFO] Scheduled job executed.
2025-02-27 22:50:21 [ERROR] File not found: /var/log/app.log
2025-11-24 06:01:03 [INFO] Configuration loaded.
2025-06-25 12:37:40 [ERROR] Permission denied for resource.
2025-02-10 19:06:53 [INFO] Scheduled job executed.
2025-07-02 20:50:03 [FAILURE] Email sending failed.
2025-07-13 05:51:13 [WARNING] CPU temperature above normal.
2025-03-04 14:00:52 [DEBUG] Query execution time: 123ms.
2025-03-22 15:15:16 [ERROR] Connection to database failed.
2025-07-19 09:38:31 [WARNING] Disk space low: 5% remaining.
2025-01-16 16:54:59 [WARNING] Deprecated API in use.
2025-07-16 20:20:23 [WARNING] CPU temperature above normal.
2025-06-17 09:23:21 [WARNING] High memory usage detected.
2025-12-07 16:55:48 [ERROR] File not found: /var/log/app.log
2025-03-06 12:42:46 [DEBUG] Debugging mode enabled.
2025-11-20 18:16:19 [INFO] Scheduled job executed.
2025-07-05 10:46:19 [INFO] User logged in.
2025-08-23 16:17:40 [ERROR] File not found: /var/log/app.log
2025-04-19 18:14:37 [INFO] User logged in.
2025-01-27 22:12:12 [FAILURE] Email sending failed.
2025-10-26 02:34:25 [FAILURE] Email sending failed.
2025-12-16 10:59:49 [INFO] Server started successfully.
2025-03-16 22:40:19 [DEBUG] Cache miss for key user_42.
2025-07-09 02:14:41 [FAILURE] Email sending failed.
2025-04-09 08:47:08 [WARNING] CPU temperature above normal.
2025-09-22 13:36:58 [INFO] User logged in.
2025-02-06 12:05:54 [WARNING] CPU temperature above normal.
2025-03-25 08:44:54 [WARNING] CPU temperature above normal.
2025-05-09 17:16:52 [ERROR] File not found: /var/log/app.log
2025-02-16 06:15:58 [ERROR] Connection to database failed.
2025-10-13 01:10:20 [FAILURE] Email sending failed.
2025-08-24 04:10:06 [ERROR] Permission denied for resource.
2025-05-18 12:46:28 [ERROR] Unable to reach authentication server.
2025-03-27 23:27:40 [FAILURE] Email sending failed.
2025-04-19 04:02:20 [FAILURE] Scheduled backup did not complete.
2025-11-28 19:02:41 [INFO] User logged in.
2025-01-25 06:24:19 [ERROR] File not found: /var/log/app.log
2025-09-19 08:18:38 [INFO] User logged in.
2025-01-17 00:43:44 [INFO] Server started successfully.
2025-05-17 11:43:36 [INFO] Configuration loaded.
2025-03-07 23:14:24 [INFO] Scheduled job executed.
2025-04-19 17:26:17 [WARNING] Deprecated API in use.
2025-03-26 21:53:40 [FAILURE] Email sending failed.
2025-12-23 05:50:19 [WARNING] Disk space low: 5% remaining.
2025-10-12 00:56:50 [WARNING] Deprecated API in use.
2025-07-20 14:06:44 [DEBUG] Cache miss for key user_42.
2025-12-14 08:44:20 [INFO] Configuration loaded.
2025-01-19 14:53:12 [DEBUG] Query execution time: 123ms.
2025-05-01 03:05:41 [FAILURE] Email sending failed.
2025-01-27 03:26:42 [ERROR] Permission denied for resource.
2025-12-23 12:04:49 [FAILURE] Transaction rollback due to error.
2025-08-23 00:41:10 [DEBUG] Request headers parsed.
2025-10-13 01:03:59 [WARNING] High memory usage detected.
2025-02-26 16:54:27 [ERROR] Permission denied for resource.
2025-10-26 00:27:04 [DEBUG] Query execution time: 123ms.
2025-02-23 03:39:49 [ERROR] Connection to database failed.
2025-10-28 12:41:13 [WARNING] Deprecated API in use.
2025-06-12 05:58:42 [WARNING] Deprecated API in use.
2025-01-25 13:47:20 [FAILURE] Transaction rollback due to error.
2025-12-27 06:39:17 [ERROR] Unable to reach authentication server.
2025-05-07 12:46:13 [WARNING] Disk space low: 5% remaining.
2025-03-16 00:21:38 [INFO] Server started successfully.
2025-03-02 04:07:32 [WARNING] CPU temperature above normal.
2025-10-12 06:05:29 [DEBUG] Request headers parsed.
2025-10-02 15:00:35 [ERROR] Connection to database failed.
2025-09-09 05:25:31 [FAILURE] Email sending failed.
2025-12-02 10:21:04 [INFO] User logged in.
2025-12-21 21:52:57 [INFO] Scheduled job executed.
2025-09-26 08:06:03 [FAILURE] Transaction rollback due to error.
2025-04-12 05:58:51 [INFO] User logged in.
2025-12-27 22:19:04 [DEBUG] Request headers parsed.
2025-11-24 01:16:26 [FAILURE] Scheduled backup did not complete.
2025-10-25 17:52:26 [DEBUG] Debugging mode enabled.
2025-04-23 07:41:06 [DEBUG] Query execution time: 123ms.
2025-07-07 16:32:57 [FAILURE] System shutdown unexpectedly.
2025-11-16 01:27:36 [INFO] Configuration loaded.
2025-03-03 03:52:36 [DEBUG] Request headers parsed.
2025-03-22 14:58:18 [INFO] Server started successfully.
2025-12-14 10:23:06 [ERROR] File not found: /var/log/app.log
2025-04-04 07:17:18 [INFO] Server started successfully.
2025-11-24 07:37:25 [FAILURE] Scheduled backup did not complete.
2025-01-07 20:08:05 [FAILURE] Email sending failed.
2025-10-22 15:51:51 [INFO] Configuration loaded.
2025-01-07 06:32:55 [FAILURE] Scheduled backup did not complete.
2025-01-20 15:05:08 [INFO] Scheduled job executed.
2025-08-25 17:15:41 [INFO] User logged in.
2025-04-15 09:35:10 [WARNING] High memory usage detected.
2025-06-09 20:11:11 [FAILURE] Transaction rollback due to error.
2025-09-10 12:22:25 [WARNING] High memory usage detected.
2025-09-25 11:45:23 [INFO] User logged in.
2025-11-28 08:03:49 [WARNING] Disk space low: 5% remaining.
2025-10-03 23:40:43 [INFO] Scheduled job executed.
2025-02-06 08:44:00 [ERROR] Unable to reach authentication server.
2025-06-23 21:36:07 [WARNING] Disk space low: 5% remaining.
2025-02-06 16:17:55 [ERROR] Connection to database failed.
2025-06-09 10:25:04 [DEBUG] Request headers parsed.
2025-04-02 15:47:52 [WARNING] High memory usage detected.
2025-01-05 03:12:56 [DEBUG] Cache miss for key user_42.
2025-10-10 18:06:21 [FAILURE] Scheduled backup did not complete.
2025-01-06 09:58:15 [ERROR] File not found: /var/log/app.log
2025-12-02 12:50:16 [FAILURE] Email sending failed.
2025-04-23 00:22:40 [ERROR] File not found: /var/log/app.log
2025-02-28 19:02:21 [FAILURE] Transaction rollback due to error.
2025-11-10 06:03:36 [DEBUG] Request headers parsed.
2025-07-09 14:53:48 [ERROR] Unable to reach authentication server.
2025-08-12 12:55:09 [WARNING] High memory usage detected.
2025-05-02 01:10:39 [WARNING] Deprecated API in use.
2025-08-23 07:15:45 [WARNING] CPU temperature above normal.
2025-10-16 02:48:50 [INFO] Scheduled job executed.
2025-10-15 02:45:17 [FAILURE] System shutdown unexpectedly.
2025-04-08 17:41:38 [FAILURE] Transaction rollback due to error.
2025-08-14 15:23:10 [ERROR] Connection to database failed.
2025-02-15 15:41:41 [FAILURE] Scheduled backup did not complete.
2025-03-02 12:01:04 [INFO] Scheduled job executed.
2025-12-13 18:32:09 [FAILURE] Email sending failed.
2025-02-16 02:40:58 [DEBUG] Request headers parsed.
2025-11-16 21:31:49 [WARNING] High memory usage detected.
2025-06-20 17:49:45 [DEBUG] Query execution time: 123ms.
2025-04-24 03:44:04 [FAILURE] Email sending failed.
2025-05-22 07:05:24 [WARNING] Disk space low: 5% remaining.
2025-02-18 14:13:19 [ERROR] File not found: /var/log/app.log
2025-12-07 09:53:45 [WARNING] CPU temperature above normal.
2025-01-16 04:20:54 [ERROR] Unable to reach authentication server.
2025-07-10 16:03:51 [INFO] User logged in.
2025-07-21 20:23:10 [INFO] User logged in.
2025-07-17 07:54:58 [FAILURE] Email sending failed.
2025-10-05 13:13:30 [INFO] User logged in.
2025-09-11 06:51:35 [WARNING] Disk space low: 5% remaining.
2025-08-12 06:27:33 [WARNING] CPU temperature above normal.
2025-12-01 17:46:46 [WARNING] High memory usage detected.
2025-02-16 18:21:48 [FAILURE] System shutdown unexpectedly.
2025-12-12 09:36:34 [INFO] Server started successfully.
2025-07-05 06:14:27 [ERROR] Permission denied for resource.
2025-10-10 13:22:09 [INFO] Server started successfully.
2025-05-02 17:20:44 [WARNING] CPU temperature above normal.
2025-10-28 06:09:36 [INFO] User logged in.
2025-09-26 13:02:50 [WARNING] Deprecated API in use.
2025-08-24 21:48:33 [FAILURE] Scheduled backup did not complete.
2025-07-20 17:37:43 [ERROR] Unable to reach authentication server.
2025-09-10 17:33:33 [FAILURE] System shutdown unexpectedly.
2025-01-10 18:35:16 [FAILURE] System shutdown unexpectedly.
2025-02-23 14:52:39 [WARNING] Deprecated API in use.
2025-08-10 04:24:01 [INFO] User logged in.
2025-09-18 08:54:30 [FAILURE] Scheduled backup did not complete.
2025-11-03 22:51:47 [WARNING] Deprecated API in use.
2025-08-26 20:07:47 [DEBUG] Query execution time: 123ms.
2025-12-03 20:09:35 [FAILURE] Email sending failed.
2025-10-16 23:45:00 [FAILURE] Email sending failed.
2025-05-24 18:15:54 [INFO] User logged in.
2025-01-10 03:15:30 [DEBUG] Request headers parsed.
2025-02-19 04:01:25 [FAILURE] System shutdown unexpectedly.
2025-08-09 14:30:13 [DEBUG] Cache miss for key user_42.
2025-08-06 09:05:53 [ERROR] File not found: /var/log/app.log
2025-12-16 08:06:08 [DEBUG] Query execution time: 123ms.
2025-11-05 09:07:39 [FAILURE] Email sending failed.
2025-09-28 10:06:18 [WARNING] High memory usage detected.
2025-11-06 06:11:43 [FAILURE] Transaction rollback due to error.
2025-01-22 19:32:03 [FAILURE] Transaction rollback due to error.
2025-10-15 20:18:30 [WARNING] Disk space low: 5% remaining.
2025-12-09 19:20:57 [INFO] Scheduled job executed.
2025-02-13 02:09:17 [ERROR] File not found: /var/log/app.log
2025-05-26 11:29:46 [WARNING] Disk space low: 5% remaining.
2025-11-25 04:07:30 [FAILURE] System shutdown unexpectedly.
2025-05-01 23:13:31 [WARNING] Deprecated API in use.
2025-10-22 23:30:19 [INFO] Server started successfully.
2025-05-10 20:44:48 [WARNING] High memory usage detected.
2025-02-05 21:00:00 [ERROR] Unable to reach authentication server.
2025-05-24 21:13:01 [ERROR] File not found: /var/log/app.log
2025-05-06 17:38:11 [WARNING] CPU temperature above normal.
2025-12-22 13:10:00 [FAILURE] Transaction rollback due to error.
2025-03-28 04:00:18 [DEBUG] Request headers parsed.
2025-12-06 22:40:37 [WARNING] CPU temperature above normal.
2025-12-10 16:11:06 [DEBUG] Request headers parsed.
2025-12-22 13:32:08 [WARNING] CPU temperature above normal.
2025-05-09 19:21:02 [DEBUG] Cache miss for key user_42.
2025-06-07 06:01:17 [DEBUG] Debugging mode enabled.
2025-11-13 21:38:56 [INFO] Scheduled job executed.
2025-03-10 01:14:48 [FAILURE] Scheduled backup did not complete.
2025-05-06 12:11:34 [FAILURE] Email sending failed.
2025-04-25 03:34:40 [WARNING] Deprecated API in use.
2025-09-22 15:50:03 [FAILURE] Email sending failed.
2025-01-02 15:27:26 [WARNING] High memory usage detected.
2025-08-08 04:48:40 [INFO] Configuration loaded.
2025-04-02 11:46:36 [WARNING] Deprecated API in use.
2025-08-02 11:42:25 [ERROR] Connection to database failed.
2025-12-02 00:42:17 [FAILURE] Email sending failed.
2025-08-09 10:40:56 [DEBUG] Debugging mode enabled.
2025-12-22 08:54:11 [WARNING] CPU temperature above normal.
2025-11-05 21:53:58 [INFO] Scheduled job executed.
2025-08-12 03:46:30 [ERROR] Permission denied for resource.
2025-05-23 21:16:45 [ERROR] File not found: /var/log/app.log
2025-08-21 05:54:09 [FAILURE] Email sending failed.
2025-09-06 06:13:19 [FAILURE] Scheduled backup did not complete.
2025-03-07 08:37:23 [FAILURE] Scheduled backup did not complete.
2025-07-17 04:49:58 [INFO] Server started successfully.
2025-05-22 00:28:49 [DEBUG] Debugging mode enabled.
2025-12-13 13:15:38 [ERROR] File not found: /var/log/app.log
2025-07-17 00:31:27 [DEBUG] Query execution time: 123ms.
2025-05-24 12:36:03 [WARNING] Deprecated API in use.
2025-08-04 13:19:46 [ERROR] Permission denied for resource.
2025-01-15 12:00:15 [DEBUG] Cache miss for key user_42.
2025-09-26 13:58:28 [WARNING] High memory usage detected.
2025-09-13 00:40:09 [FAILURE] Transaction rollback due to error.
2025-09-01 20:06:14 [ERROR] Connection to database failed.
2025-07-04 02:27:48 [DEBUG] Cache miss for key user_42.
2025-12-10 01:22:00 [DEBUG] Cache miss for key user_42.
2025-06-15 12:47:53 [INFO] Server started successfully.
2025-11-05 20:05:15 [DEBUG] Request headers parsed.
2025-06-14 02:31:16 [FAILURE] Scheduled backup did not complete.
2025-10-24 17:13:50 [INFO] Configuration loaded.
2025-01-21 17:06:13 [DEBUG] Cache miss for key user_42.
2025-12-07 09:28:24 [FAILURE] Scheduled backup did not complete.
2025-11-23 01:15:30 [INFO] Scheduled job executed.
2025-07-06 08:32:53 [FAILURE] System shutdown unexpectedly.
2025-01-03 21:49:44 [DEBUG] Debugging mode enabled.
2025-06-11 02:50:14 [WARNING] CPU temperature above normal.
2025-01-28 06:48:06 [DEBUG] Cache miss for key user_42.
2025-10-07 16:28:10 [DEBUG] Cache miss for key user_42.
2025-01-19 06:51:37 [WARNING] Deprecated API in use.
2025-07-02 11:21:08 [DEBUG] Cache miss for key user_42.
2025-07-05 13:10:24 [INFO] Server started successfully.
2025-07-04 10:49:47 [WARNING] High memory usage detected.
2025-10-03 21:45:23 [INFO] Configuration loaded.
2025-08-15 11:08:52 [INFO] User logged in.
2025-09-09 23:39:33 [INFO] User logged in.
2025-06-28 00:55:48 [FAILURE] System shutdown unexpectedly.
2025-04-20 08:30:04 [ERROR] Permission denied for resource.
2025-02-19 18:23:18 [WARNING] High memory usage detected.
2025-05-25 14:55:08 [ERROR] Permission denied for resource.
2025-12-24 12:55:38 [FAILURE] System shutdown unexpectedly.
2025-05-11 21:26:20 [WARNING] Disk space low: 5% remaining.
2025-04-16 02:58:58 [DEBUG] Debugging mode enabled.
2025-06-01 09:54:46 [ERROR] Unable to reach authentication server.
2025-11-21 07:20:43 [DEBUG] Cache miss for key user_42.
2025-08-13 02:56:50 [ERROR] Permission denied for resource.
2025-11-21 10:21:55 [FAILURE] System shutdown unexpectedly.
2025-07-14 08:20:50 [WARNING] High memory usage detected.
2025-03-15 12:31:33 [FAILURE] Scheduled backup did not complete.
2025-02-18 18:47:32 [ERROR] File not found: /var/log/app.log
2025-06-16 05:12:07 [INFO] Configuration loaded.
2025-07-22 06:48:34 [WARNING] Deprecated API in use.
2025-12-25 02:36:06 [INFO] Server started successfully.
2025-01-20 07:09:55 [DEBUG] Query execution time: 123ms.
2025-10-05 18:23:15 [FAILURE] Transaction rollback due to error.
2025-06-14 00:21:25 [FAILURE] Scheduled backup did not complete.
2025-11-06 23:36:41 [FAILURE] Transaction rollback due to error.
2025-07-08 12:28:43 [WARNING] High memory usage detected.
2025-09-24 03:31:39 [DEBUG] Cache miss for key user_42.
2025-03-03 06:29:45 [DEBUG] Debugging mode enabled.
2025-11-15 09:24:31 [FAILURE] System shutdown unexpectedly.
2025-05-06 08:27:12 [ERROR] Permission denied for resource.
2025-09-27 14:05:18 [WARNING] CPU temperature above normal.
2025-11-19 08:17:02 [ERROR] Permission denied for resource.
2025-09-27 07:30:14 [WARNING] CPU temperature above normal.
2025-02-02 05:18:21 [DEBUG] Request headers parsed.
2025-09-02 10:19:17 [DEBUG] Cache miss for key user_42.
2025-06-15 23:28:06 [ERROR] File not found: /var/log/app.log
2025-04-21 23:13:23 [DEBUG] Request headers parsed.
2025-12-12 12:46:57 [ERROR] Unable to reach authentication server.
2025-03-02 04:54:03 [FAILURE] Email sending failed.
2025-03-17 07:51:28 [FAILURE] Scheduled backup did not complete.
2025-02-17 00:15:59 [DEBUG] Cache miss for key user_42.
2025-08-19 01:28:28 [FAILURE] System shutdown unexpectedly.
2025-10-10 17:54:38 [ERROR] Permission denied for resource.
2025-10-26 19:48:25 [ERROR] File not found: /var/log/app.log
2025-04-05 02:55:51 [INFO] User logged in.
2025-02-05 15:43:17 [ERROR] File not found: /var/log/app.log
2025-05-22 13:19:04 [DEBUG] Request headers parsed.
2025-04-24 07:43:56 [INFO] Configuration loaded.
2025-04-20 15:31:25 [WARNING] Disk space low: 5% remaining.
2025-08-27 18:04:12 [INFO] Configuration loaded.
2025-09-20 06:18:14 [WARNING] Disk space low: 5% remaining.
2025-01-17 13:53:24 [ERROR] Unable to reach authentication server.
2025-09-13 20:11:23 [INFO] Scheduled job executed.
2025-08-11 07:55:04 [FAILURE] Scheduled backup did not complete.
2025-10-03 02:03:26 [DEBUG] Query execution time: 123ms.
2025-05-21 09:18:41 [WARNING] CPU temperature above normal.
2025-09-04 04:53:28 [ERROR] Permission denied for resource.
2025-05-06 13:18:47 [WARNING] Deprecated API in use.
2025-09-13 15:48:46 [WARNING] CPU temperature above normal.
2025-10-13 07:23:01 [ERROR] Connection to database failed.
2025-03-13 23:23:44 [ERROR] Unable to reach authentication server.
2025-09-05 04:05:48 [WARNING] Deprecated API in use.
2025-03-16 04:25:21 [INFO] Configuration loaded.
2025-05-10 03:34:48 [DEBUG] Request headers parsed.
2025-04-06 23:38:32 [FAILURE] Email sending failed.
2025-11-19 19:26:16 [INFO] Scheduled job executed.
2025-12-28 05:54:37 [ERROR] File not found: /var/log/app.log
2025-09-05 14:35:18 [WARNING] Disk space low: 5% remaining.
2025-12-20 22:37:52 [FAILURE] System shutdown unexpectedly.
2025-07-13 22:26:13 [FAILURE] Email sending failed.
2025-11-22 08:39:34 [FAILURE] Scheduled backup did not complete.
2025-12-28 19:45:12 [DEBUG] Query execution time: 123ms.
2025-04-14 17:52:08 [INFO] User logged in.
2025-11-26 04:25:23 [ERROR] Connection to database failed.
2025-07-20 15:37:03 [FAILURE] Email sending failed.
2025-04-15 19:24:40 [ERROR] Connection to database failed.
2025-01-22 14:28:01 [DEBUG] Cache miss for key user_42.
2025-01-23 14:53:50 [DEBUG] Debugging mode enabled.
2025-02-22 06:15:21 [FAILURE] Scheduled backup did not complete.
2025-03-16 21:56:19 [WARNING] Deprecated API in use.
2025-02-10 02:24:28 [INFO] Scheduled job executed.
2025-04-24 08:15:59 [FAILURE] Scheduled backup did not complete.
2025-02-08 18:21:43 [INFO] User logged in.
2025-11-16 16:13:56 [ERROR] Permission denied for resource.
2025-02-19 08:43:10 [FAILURE] System shutdown unexpectedly.
2025-06-12 23:59:04 [ERROR] Permission denied for resource.
2025-02-03 18:56:53 [ERROR] File not found: /var/log/app.log
2025-02-06 04:31:42 [INFO] User logged in.
2025-03-23 17:32:28 [ERROR] Permission denied for resource.
2025-02-05 08:28:27 [WARNING] Disk space low: 5% remaining.
2025-01-03 10:42:16 [DEBUG] Cache miss for key user_42.
2025-01-13 21:48:03 [FAILURE] Transaction rollback due to error.
2025-03-01 23:22:37 [DEBUG] Debugging mode enabled.
2025-09-27 12:08:08 [ERROR] File not found: /var/log/app.log
2025-07-12 12:48:59 [ERROR] Unable to reach authentication server.
2025-09-20 05:57:57 [INFO] Server started successfully.
2025-10-15 05:25:29 [DEBUG] Cache miss for key user_42.
2025-04-04 09:27:10 [INFO] User logged in.
2025-04-27 02:42:37 [INFO] Configuration loaded.
2025-06-09 07:29:58 [WARNING] High memory usage detected.
2025-07-08 12:20:34 [DEBUG] Query execution time: 123ms.
2025-05-20 23:53:47 [ERROR] Connection to database failed.
2025-04-11 13:45:09 [INFO] Configuration loaded.
2025-02-16 01:36:48 [WARNING] CPU temperature above normal.
2025-09-02 02:37:21 [ERROR] Permission denied for resource.
2025-05-23 10:15:47 [DEBUG] Debugging mode enabled.
2025-12-10 07:04:45 [DEBUG] Query execution time: 123ms.
2025-11-19 20:27:25 [ERROR] Permission denied for resource.
2025-02-01 12:24:04 [DEBUG] Request headers parsed.
2025-09-23 21:56:04 [INFO] User logged in.
2025-04-09 05:37:48 [WARNING] CPU temperature above normal.
2025-09-23 18:27:35 [DEBUG] Cache miss for key user_42.
2025-09-17 04:18:30 [INFO] Configuration loaded.
2025-12-19 07:37:39 [ERROR] File not found: /var/log/app.log
2025-03-02 05:19:22 [DEBUG] Request headers parsed.
2025-11-08 03:49:50 [WARNING] Disk space low: 5% remaining.
2025-12-21 02:56:31 [WARNING] High memory usage detected.
2025-09-21 17:05:31 [INFO] User logged in.
2025-07-12 10:07:58 [WARNING] CPU temperature above normal.
2025-07-27 20:47:35 [DEBUG] Request headers parsed.
2025-05-21 19:36:12 [INFO] Server started successfully.
2025-02-03 23:40:46 [ERROR] Unable to reach authentication server.
2025-06-16 16:02:58 [FAILURE] System shutdown unexpectedly.
2025-09-24 15:54:18 [DEBUG] Query execution time: 123ms.
2025-12-22 02:16:19 [WARNING] Deprecated API in use.
2025-02-22 06:54:09 [ERROR] File not found: /var/log/app.log
2025-05-26 15:24:54 [FAILURE] Scheduled backup did not complete.
2025-05-17 05:03:32 [INFO] Scheduled job executed.
2025-07-21 03:18:34 [DEBUG] Debugging mode enabled.
2025-02-02 23:15:01 [DEBUG] Query execution time: 123ms.
2025-01-01 16:54:10 [DEBUG] Cache miss for key user_42.
2025-01-26 21:59:50 [INFO] Scheduled job executed.
2025-05-14 17:32:23 [ERROR] Unable to reach authentication server.
2025-02-01 17:44:11 [INFO] Scheduled job executed.
2025-02-12 19:18:11 [FAILURE] Email sending failed.
2025-11-21 10:34:05 [DEBUG] Request headers parsed.
2025-12-05 14:01:13 [INFO] Scheduled job executed.
2025-09-22 21:01:00 [WARNING] Deprecated API in use.
2025-03-23 13:10:02 [WARNING] Disk space low: 5% remaining.
2025-09-16 22:07:46 [WARNING] Deprecated API in use.
2025-07-04 12:02:32 [WARNING] CPU temperature above normal.
2025-05-11 11:37:27 [WARNING] Disk space low: 5% remaining.
2025-10-13 02:29:59 [DEBUG] Debugging mode enabled.
2025-07-13 21:26:53 [INFO] Scheduled job executed.
2025-12-04 06:32:22 [ERROR] Connection to database failed.
2025-07-10 04:12:21 [WARNING] CPU temperature above normal.
2025-07-06 17:54:45 [DEBUG] Query execution time: 123ms.
2025-06-27 02:31:31 [FAILURE] Scheduled backup did not complete.
2025-04-08 19:27:28 [ERROR] Permission denied for resource.
2025-10-12 23:45:57 [DEBUG] Debugging mode enabled.
2025-05-02 02:04:44 [FAILURE] Email sending failed.
2025-01-19 23:52:32 [WARNING] CPU temperature above normal.
2025-11-18 12:25:02 [DEBUG] Debugging mode enabled.
2025-01-28 15:37:57 [INFO] Server started successfully.
2025-08-05 02:09:28 [FAILURE] System shutdown unexpectedly.
2025-11-06 20:12:51 [FAILURE] System shutdown unexpectedly.
2025-11-23 21:24:25 [ERROR] Unable to reach authentication server.
2025-12-28 09:45:35 [ERROR] File not found: /var/log/app.log
2025-07-17 03:37:29 [FAILURE] Transaction rollback due to error.
2025-01-13 04:03:13 [INFO] Configuration loaded.
2025-04-03 09:52:23 [WARNING] High memory usage detected.
2025-08-22 09:02:44 [ERROR] Unable to reach authentication server.
2025-02-21 14:15:37 [ERROR] Connection to database failed.
2025-01-20 23:22:49 [INFO] Server started successfully.
2025-12-26 23:53:25 [WARNING] Disk space low: 5% remaining.
2025-08-20 09:32:31 [FAILURE] Scheduled backup did not complete.
2025-02-10 07:26:16 [ERROR] Unable to reach authentication server.
2025-12-26 01:06:06 [DEBUG] Cache miss for key user_42.
2025-02-12 21:18:39 [DEBUG] Cache miss for key user_42.
2025-07-15 10:09:37 [WARNING] High memory usage detected.
2025-05-07 07:13:19 [DEBUG] Request headers parsed.
2025-12-02 15:20:55 [INFO] User logged in.
2025-11-12 01:35:24 [FAILURE] Transaction rollback due to error.
2025-04-22 16:57:25 [INFO] Configuration loaded.
2025-07-11 07:14:02 [FAILURE] System shutdown unexpectedly.
2025-10-25 02:54:05 [WARNING] High memory usage detected.
2025-07-24 18:52:48 [ERROR] Permission denied for resource.
2025-11-12 02:34:04 [ERROR] File not found: /var/log/app.log
2025-06-13 16:28:31 [WARNING] High memory usage detected.
2025-04-18 06:30:34 [INFO] Server started successfully.
2025-01-05 07:49:52 [FAILURE] Email sending failed.
2025-12-12 04:09:07 [WARNING] Disk space low: 5% remaining.
2025-02-03 11:43:42 [INFO] Scheduled job executed.
2025-01-22 21:12:35 [WARNING] High memory usage detected.
2025-03-19 17:28:52 [INFO] User logged in.
2025-05-20 01:42:29 [WARNING] CPU temperature above normal.
2025-07-14 14:39:09 [WARNING] CPU temperature above normal.
2025-05-03 03:21:39 [FAILURE] Email sending failed.
2025-08-23 15:57:08 [FAILURE] System shutdown unexpectedly.
2025-07-15 07:04:05 [WARNING] Disk space low: 5% remaining.
2025-07-21 10:08:14 [ERROR] File not found: /var/log/app.log
2025-05-11 13:02:16 [ERROR] Connection to database failed.
2025-05-23 12:31:33 [INFO] Scheduled job executed.
2025-05-04 13:48:13 [ERROR] Permission denied for resource.
2025-01-15 11:43:15 [ERROR] File not found: /var/log/app.log
2025-09-06 13:38:02 [ERROR] Permission denied for resource.
2025-03-10 08:27:26 [FAILURE] Scheduled backup did not complete.
2025-05-10 23:37:57 [INFO] Configuration loaded.
2025-05-11 06:10:19 [WARNING] Disk space low: 5% remaining.
2025-02-26 03:53:11 [FAILURE] Email sending failed.
2025-04-22 02:33:52 [DEBUG] Cache miss for key user_42.
2025-10-11 09:59:23 [ERROR] File not found: /var/log/app.log
2025-05-05 17:35:53 [DEBUG] Request headers parsed.
2025-12-15 10:59:27 [FAILURE] System shutdown unexpectedly.
2025-10-10 14:25:51 [INFO] Server started successfully.
2025-06-13 11:23:50 [ERROR] Unable to reach authentication server.
2025-08-06 11:49:06 [ERROR] Permission denied for resource.
2025-11-24 13:37:04 [ERROR] File not found: /var/log/app.log
2025-11-08 04:53:32 [FAILURE] System shutdown unexpectedly.
2025-10-13 13:32:42 [INFO] User logged in.
2025-05-03 02:37:04 [ERROR] Connection to database failed.
2025-04-26 16:20:57 [FAILURE] System shutdown unexpectedly.
2025-07-10 12:03:02 [INFO] Configuration loaded.
2025-04-01 23:36:09 [DEBUG] Cache miss for key user_42.
2025-06-24 12:09:23 [ERROR] Connection to database failed.
2025-05-13 16:01:25 [ERROR] File not found: /var/log/app.log
2025-12-10 04:49:33 [INFO] Configuration loaded.
2025-02-16 10:20:50 [ERROR] Connection to database failed.
2025-09-16 11:20:24 [FAILURE] Transaction rollback due to error.
2025-05-16 06:34:16 [ERROR] Unable to reach authentication server.
2025-05-15 17:03:20 [FAILURE] System shutdown unexpectedly.
2025-08-06 22:15:08 [ERROR] File not found: /var/log/app.log
2025-12-25 01:40:58 [WARNING] High memory usage detected.
2025-07-17 11:41:32 [DEBUG] Request headers parsed.
2025-12-25 19:41:40 [FAILURE] Scheduled backup did not complete.
2025-06-28 14:26:51 [INFO] Configuration loaded.
2025-08-03 05:48:46 [FAILURE] Email sending failed.
2025-08-21 06:48:37 [ERROR] File not found: /var/log/app.log
2025-02-16 18:45:26 [FAILURE] System shutdown unexpectedly.
2025-02-08 21:56:19 [ERROR] File not found: /var/log/app.log
2025-11-26 04:42:11 [DEBUG] Query execution time: 123ms.
2025-03-13 07:31:23 [FAILURE] Scheduled backup did not complete.
2025-09-20 23:29:42 [INFO] User logged in.
2025-09-22 15:43:44 [FAILURE] Email sending failed.
2025-12-19 07:20:50 [ERROR] File not found: /var/log/app.log
2025-03-01 23:54:10 [FAILURE] Email sending failed.
2025-05-20 12:50:45 [WARNING] High memory usage detected.
2025-09-27 05:50:13 [ERROR] Unable to reach authentication server.
2025-06-03 14:15:46 [FAILURE] Email sending failed.
2025-11-28 17:23:59 [INFO] User logged in.
2025-05-27 16:37:33 [DEBUG] Debugging mode enabled.
2025-03-06 07:51:43 [INFO] Scheduled job executed.
2025-05-11 08:25:47 [FAILURE] Email sending failed.
2025-04-07 09:43:23 [ERROR] Connection to database failed.
2025-01-10 14:28:02 [ERROR] Connection to database failed.
2025-06-04 11:22:50 [FAILURE] Transaction rollback due to error.
2025-07-25 13:26:31 [FAILURE] Scheduled backup did not complete.
2025-12-04 10:42:28 [ERROR] Unable to reach authentication server.
2025-12-03 23:50:29 [DEBUG] Query execution time: 123ms.
2025-02-14 14:57:52 [INFO] User logged in.
2025-11-02 19:10:05 [WARNING] Deprecated API in use.
2025-10-17 23:32:44 [WARNING] Disk space low: 5% remaining.
2025-09-23 05:14:40 [WARNING] Deprecated API in use.
2025-04-11 04:42:48 [ERROR] Permission denied for resource.
2025-01-13 05:16:37 [DEBUG] Debugging mode enabled.